31581
25927
32294
31581
31672
25927
31581
31581
31581
32294
32388
25445
31357
23181
23642
29601
30335
25445
32388
32294
32294
32294
32388
10327
30335
24566
32294
31581
31245
31672
31357
32388
25927
32388
32294
25445
32294
31672
32388
31581
32294
30335
29601
32388
31245
30335
10327
31581
30335
31581
28439
32294
31581
32294
32388
31581
30335
31357
31357
31245
31581
29601
23390
22405
25465
31357
31581
31245
32294
31581
31581
25927
31581
31245
31357
31357
7781
32388
32294
31357
17749
31672
31672
32294
31672
31581
25927
31357
25927
31581
31672
32388
29601
31581
32388
32388
32388
26200
31672
25927
