32462
32286
30551
32675
32675
31999
32675
32092
32675
31999
28683
32675
31999
30656
30815
32655
32071
31999
32675
32675
32289
32289
32655
32675
32462
32462
31999
30551
32191
32071
32675
32289
24506
32675
30583
32675
27359
32191
32071
32675
32462
32675
30583
30061
32675
32675
32675
32675
32191
32675
32675
32462
31760
32675
3075
32289
32675
32675
32289
32462
32675
32191
32191
32675
31959
30583
31999
29711
31999
31999
31999
32675
32675
32675
31959
32675
32675
32675
32655
32675
23987
28739
32675
32675
32675
31959
32191
30551
13129
30206
32675
32071
32462
-1
32289
32655
32071
32675
30268
26757
