32735
32011
32455
32455
32010
32651
32735
32735
32443
32735
30313
32651
32652
32651
32735
32455
32735
32701
32760
32147
32309
32735
32405
32147
32760
32405
32760
32011
32735
32147
29532
32701
32652
32701
32642
32405
32760
32422
32457
32760
32735
32443
32735
32735
32443
32735
32309
32760
32652
32735
32642
32443
32735
32147
32455
32760
32701
32735
32701
32652
32760
32701
32735
32443
32760
32457
32735
32735
32735
-1
32422
32701
32760
32735
32309
32735
32760
32651
32735
31529
32760
32652
32639
32701
32735
31293
32735
32760
32760
32701
32701
32760
32701
32735
32735
32735
32720
32735
32760
32735
32405
32701
31203
32735
32651
32735
32651
32455
18367
32147
32405
32265
32701
32147
32701
32735
32701
31131
32735
32443
32701
32735
32735
32010
31915
32760
28913
32735
32760
32309
32457
32720
32701
32760
32720
32642
26542
32642
32701
32443
30869
32735
32639
32735
32309
32443
32735
32619
32735
32735
32701
32735
32457
32760
32720
32443
32457
32735
32309
32735
32701
32720
32652
32619
32701
32701
32701
32735
32651
32422
30869
32760
32735
32701
32760
32639
32735
32735
32760
32760
32735
32720
32309
32735
32405
32652
32735
32457
32147
32422
32265
32735
32735
32735
32735
32701
28275
32735
32011
32735
