32463
32677
32677
32463
32765
31099
32463
32677
32720
32765
31159
24093
32463
32720
26871
32309
32765
32765
32765
32309
32677
32720
32677
32677
31643
32463
32677
32677
32677
32720
30957
32765
32463
32677
32765
32677
32677
32765
32459
31787
32720
32765
32765
32765
32677
32677
32720
31783
32677
32720
32677
31897
32720
32344
32463
32677
32463
32309
32444
32127
32765
32463
31897
32463
32765
31897
31897
31517
32765
32463
31159
32285
32765
32765
32720
32548
32765
32677
32677
32344
32677
32677
32677
32765
32677
31517
2627
32720
32459
30067
32720
31783
32677
32677
32765
32677
32765
31897
32135
32765
32127
32677
32765
31897
30067
32463
32677
32127
32765
32765
32463
32463
32677
32677
32765
31897
32677
32765
32309
32720
32677
31159
32677
30529
32677
32309
32765
32720
32463
32720
32677
32720
32677
32127
32677
30527
32720
31159
32677
32677
32344
32720
32677
30817
31897
32677
32463
31783
32677
32677
32677
32677
20433
32765
32720
32720
32677
32765
32005
32444
32677
32677
32765
32127
32677
31971
31517
32765
31159
32344
32309
31653
32720
32720
32677
32127
31897
32127
32720
32548
32463
32677
32677
31971
32677
32344
32765
32677
32677
32463
32765
32765
16339
32677
32677
32459
31897
31818
31159
32765
32720
32720
31159
32677
32459
32765
32677
32459
32765
32463
32677
32765
32765
32765
32444
31897
32285
32444
32370
32344
32765
27285
29961
32720
32677
32444
32309
32765
32720
32127
32677
32463
32677
32463
32720
32677
31517
32677
32720
31897
32765
32677
32463
32677
32720
32677
32720
32720
32720
32720
31643
32677
32677
32720
17993
32765
31897
32677
32765
32720
32127
32720
32344
32677
32677
32677
31875
32463
32677
32463
32463
32765
31897
31159
32720
32463
31818
32127
32677
32463
32463
32677
32127
32720
32765
27707
32765
31971
32677
32765
32463
32765
32720
32720
32720
32127
32765
31719
32127
32677
32677
32459
32765
32444
32677
32127
32765
32677
32127
32677
32720
32309
32720
32720
32463
32677
32677
32720
32720
32720
32720
32720
32720
32765
32765
31875
32765
32720
32765
32677
32309
32344
32720
32720
32459
32720
26588
32765
31897
26588
32677
32765
32309
32677
31517
22789
32005
32463
32765
32720
31897
32720
32677
32720
31643
32720
32459
31818
32309
32368
32370
32444
32463
32765
32463
32444
32463
32127
31897
32677
31559
32127
32444
32765
32677
31897
29141
32285
32765
32127
32127
32720
32463
30793
32677
32677
32765
32765
31643
31897
32677
32444
31159
32677
32459
32765
32720
32765
32765
32720
31787
32677
32720
32720
32127
32677
32765
32463
32765
32720
32765
32444
32463
32677
32459
32677
32677
32127
32720
32463
32720
32765
32463
32127
32309
32720
32720
31643
32720
31897
32720
32677
32463
32677
31897
32720
32677
31971
32005
31818
32720
30793
32677
32677
32677
32677
31897
32285
32309
32463
32765
32765
32677
32677
32677
32720
32720
32720
32463
32370
32765
32127
32677
32127
32677
31971
32720
31897
32677
32765
32463
31653
32720
31517
31897
32463
32677
32720
32127
30817
32720
32765
32459
32677
32765
32720
32720
32285
32463
32677
32463
32677
32127
32765
32344
31971
31818
32677
32720
32765
