32252
32763
32245
32763
32749
32763
32755
32765
32763
32765
32765
32743
32763
32765
32765
32663
32663
32763
32763
32687
32709
32763
32765
32749
32405
32755
32763
32765
32731
32659
32633
32765
32763
32743
32662
32702
32765
32755
32765
32763
32763
32387
32765
32633
32765
32765
32641
32325
32746
32765
32765
32743
32687
32763
32763
32765
32743
32743
32633
32755
32765
32765
32325
32765
32694
32728
32746
32749
32675
32633
32765
32765
32743
32765
32765
32749
32765
32755
32765
32763
32765
32688
32765
32709
32119
32755
32763
32755
32765
32749
32743
32765
32765
32687
32728
32765
32765
32763
32755
32659
32755
32755
32763
32765
32763
32765
32581
32765
32728
32765
32746
32765
32763
32755
32749
32755
32728
32760
32763
32755
32728
32765
32658
32765
32765
32765
32763
32728
32765
32763
32387
32765
32763
32755
32765
32763
32765
32743
32691
32749
32746
32765
32765
32691
32765
32749
32755
32765
32633
32765
32765
32662
32755
32763
32763
32763
32765
32765
32765
32763
32765
32765
32691
32765
32749
32765
32765
32663
32687
32765
32765
32727
32765
32743
32633
32749
32763
32763
32765
32728
32728
32765
32755
32765
32763
32765
32765
32746
32765
32755
32763
32763
32663
32763
32763
32763
32687
32763
32765
32765
32429
32749
32765
32765
32763
32763
32663
32760
32749
32245
32659
32691
32765
32749
32765
32663
31515
32765
32765
32728
32765
32755
32765
32746
32749
32765
32763
32763
32763
32563
32765
32763
32641
32765
32727
32728
32763
32663
32728
32763
32765
32749
32763
32662
32765
32165
32763
32765
32763
32765
32763
32746
32765
32765
32763
32687
32746
32743
32763
32723
32765
32755
32763
32743
32763
32743
32687
32765
32765
32755
32765
32763
32765
32429
32765
32765
32765
32743
32765
32765
32765
32765
32765
32728
32765
32765
32675
32765
32728
32765
32664
32763
32765
32746
32563
32728
32765
32765
32755
32749
32755
32763
32765
32765
32765
32763
32641
32765
32581
32663
32765
32765
32763
32765
32765
32765
32765
32765
32763
32633
32765
32763
32765
32765
32765
32749
32688
32765
32687
32746
32659
32765
32765
32749
32749
32659
32749
32763
32743
32765
32731
32727
32659
32749
32743
32728
32736
32749
32765
32468
32727
32633
32765
32765
32763
32675
32765
32728
32702
32765
32765
32641
32765
32763
32763
32765
32763
32749
32765
32765
32765
32765
32765
32728
32728
32760
32765
32765
32743
32245
32641
32755
32763
32765
32563
32763
32429
32709
32663
32765
32765
32763
32755
32765
32663
32746
32755
32765
32763
32527
32633
32765
32763
32755
32727
32765
32755
32765
32728
32763
32765
32765
32765
32765
32765
32765
32765
32763
32419
32755
32691
32743
32765
32663
32765
32760
32763
32763
32765
32765
32468
32755
32763
32763
32765
32765
32765
32746
32760
32255
32564
32749
32765
32728
32749
32763
32765
32743
32633
32765
32763
32763
32687
32691
32437
32765
32755
32763
32727
32765
32765
32691
32765
32765
32749
32765
32763
32765
32749
32765
32429
32765
32743
32691
32529
32755
32763
32749
32763
32763
32749
32746
32765
32763
32763
32727
32763
32749
32763
32563
32765
32755
32765
32765
32765
32765
32723
32763
32765
32728
32763
32765
32763
32765
32687
32663
32765
32217
32763
32709
32575
32765
32765
32765
32749
32749
32765
32763
32765
32765
32702
32765
32765
32763
32727
32765
32749
32719
32728
32709
32763
32763
32575
32765
32765
32749
32763
32755
32765
32763
32749
32755
32749
32743
32755
32755
32727
32765
32659
32763
32765
32765
32763
32749
32765
32765
32765
32628
32749
32749
32746
32749
32749
32763
32765
32763
32765
32763
32728
32755
32765
32765
32765
32765
32749
32765
32728
32749
32765
32763
28547
32682
32691
32765
32743
32765
32765
32765
32763
32765
32763
32749
32746
32749
32691
32763
32765
30543
32755
32743
32664
32765
32743
32765
32765
32763
32763
32765
32187
32728
32746
32765
32659
32765
32765
32763
32765
32252
32763
32743
32755
32765
32387
32429
32763
32749
32743
32736
32765
32728
32728
32765
32755
32763
32763
32765
32743
32702
32749
32765
32171
27481
32575
32755
32765
32765
32749
32763
32709
32765
32728
32633
32746
32765
32765
32765
32765
32763
32765
32709
32749
32749
32663
32763
32765
32765
32763
32723
32763
32765
32765
32765
32765
32743
32763
32755
32763
32663
32765
32763
32765
32765
32387
32746
32765
32749
32675
32641
32765
32765
32763
32763
32728
32765
32763
32659
32728
32765
32728
32763
32763
32765
32746
32743
32663
32763
32137
32765
32765
32121
32765
32763
32727
32765
32346
32765
32746
32765
32691
32387
32755
32765
32728
32765
32749
32765
32746
32765
32765
32763
32765
32727
32763
32763
32763
32765
32765
32691
32763
32687
32763
32687
32765
32765
32763
32687
32765
32763
32765
32749
32755
32749
32755
32763
32765
32387
32765
32765
32765
32419
32755
32746
32765
32633
32765
32765
32765
32749
32763
32765
32763
32765
32763
32765
32755
32755
32749
32765
32763
32765
32755
32749
32743
32423
32746
32633
32755
32755
32749
32749
32746
32749
32765
32763
32765
32709
32663
32765
32749
32549
32765
32765
32755
32727
31235
32765
32663
32763
32749
32765
32763
32663
32763
32765
32763
32763
32765
32763
32755
32663
32749
32743
32765
32765
32765
32763
32123
32763
32765
32763
32765
31883
32765
32765
32563
32765
32765
32763
32749
32765
32419
32581
32743
32765
32763
32763
32763
32765
32765
32765
32749
32765
32765
32749
32641
32765
32165
32755
27450
32746
32728
32755
32763
32755
32765
32765
32743
32749
32765
32749
32765
32749
32641
32763
32765
32746
32765
32755
32728
30419
31543
32743
32763
32437
32728
32728
32763
32765
32728
32763
32663
32746
32727
32765
32659
32765
32763
32743
32765
32728
32755
32763
32755
32765
32749
32765
32749
32763
32763
32765
32763
29351
32743
32763
32765
32755
32763
32765
32763
32765
32749
32709
32765
32765
32633
32709
32765
30917
32765
32763
32727
32641
32749
32765
32765
32765
32763
32765
32765
32746
32765
32763
32765
32765
32765
32755
32760
32765
32765
32755
32765
32765
32746
32687
32765
29763
32659
32763
32765
32279
32765
32763
32765
32723
32765
32765
32633
32755
32659
32765
32687
32765
32641
32765
32663
32728
32765
32749
32763
32763
32746
32728
32765
32763
32763
32755
32755
32765
32765
32765
32763
32763
32763
32709
32765
32765
32765
32765
32749
32760
32743
32749
32765
32641
32765
32765
32765
32387
32549
32694
32746
32575
32663
32749
32760
32765
32765
32763
32765
32727
32763
32765
32687
32765
32749
32765
32765
32746
32765
32241
32765
32765
32749
32765
32749
32728
31489
32749
32765
32763
32728
32429
32728
32765
32765
32763
32755
32765
31507
32765
32765
32291
32765
32755
32763
32749
32755
32765
32763
32765
32765
32641
32755
32765
32765
32709
32755
31905
32763
32691
32763
32749
32387
32765
32763
32763
32763
32728
32291
32763
32765
32749
32765
32763
32765
32765
32749
32529
32763
32765
32765
32765
32765
32765
32749
32743
32763
32727
32675
32746
32763
32664
32633
32765
32473
32132
32765
32437
32755
32765
32765
32763
32749
32755
32763
32763
32765
32763
32749
32709
32765
32419
32755
32763
32749
32728
32763
32746
32727
32765
32749
32755
32763
32633
32743
32765
32765
32765
32765
32765
32429
25034
32728
32763
32763
32663
32749
32765
32687
32755
32755
32765
32763
32763
32763
32765
32749
32663
32765
32659
32763
32663
32765
32765
32749
32763
32765
32763
32763
32559
32763
32727
32763
32765
32765
32641
32763
32763
32323
32765
32763
32746
32763
32217
32765
32473
32765
32743
32765
32663
32765
32765
32765
32755
32763
32765
32763
32482
32765
32723
32765
32749
32749
32765
32765
32755
32765
32765
32765
32765
32731
32687
32763
32743
32727
32765
32405
32728
32746
32765
32749
32765
32763
32763
32727
32641
32755
32691
32663
32763
32763
32633
32633
32765
32743
32763
32633
32746
32659
32765
32641
32641
32763
32765
32633
32749
32765
32763
32728
32749
32743
32641
32765
-1
32765
32633
32763
32765
32641
32663
32749
32749
32663
32709
32763
32765
32746
32641
32763
32743
32763
32763
32763
32765
32755
32633
32765
32765
32765
32746
32659
32727
32429
32755
32687
32473
32727
32765
32746
32765
32664
32765
32765
32763
32765
32765
32765
32746
32765
32763
32765
32763
32765
32765
32763
32663
32765
32765
32760
32763
32763
32763
32749
32437
32663
32765
32641
32765
32763
32675
32765
32765
32765
32749
32736
32765
32765
32765
32763
32746
32749
32763
32765
32755
32749
32765
32763
32765
32473
32691
32765
32763
32765
32749
32765
32728
32760
32760
32765
32749
32765
32387
32763
32743
32749
32765
32765
32763
32743
32765
32675
32765
32763
32743
32765
32633
32728
32763
32763
32755
32765
32765
32746
32755
32687
32765
32687
32763
32755
32755
32765
32763
32763
32763
32763
32763
32746
32687
32763
32763
32663
23827
32709
32765
32728
32765
32755
32765
32765
32749
32662
32765
32743
32664
24101
32575
32755
32763
32763
32763
32765
32763
32755
32763
32765
32749
32763
32763
32763
32325
32743
32765
32659
32765
32765
32765
32727
32765
32765
32765
32765
32755
32765
32765
32749
32763
32765
32765
32763
32765
29135
32746
32755
32763
32694
32765
32659
32765
32691
32746
32765
32663
32763
32749
32765
32663
32763
32763
32641
32746
32765
32743
32763
32765
32387
32749
32727
32728
32746
32765
32765
32687
32765
32763
32765
32660
32641
32765
32763
32746
32755
32746
32765
32663
32755
32755
32765
32727
32749
32765
32765
32763
32728
32743
32731
32279
32763
32765
32765
32755
32746
32765
32763
32765
32765
32728
32763
32765
32755
32763
32691
32765
32763
32755
32749
32763
32749
32763
32727
32728
32663
32663
32749
32765
32633
32763
32743
32765
32575
32765
32749
32763
32527
32765
32736
32749
32641
32765
32765
32765
32691
31779
32765
32763
32763
32727
32763
32749
32633
32765
32763
32765
32728
32749
32763
32727
32763
15689
32765
32765
32765
32765
32763
32743
32749
32687
32763
32765
32728
32641
32765
32746
32663
32765
32728
32641
32765
32765
32027
32763
32765
32728
32765
32765
32171
32709
32755
32749
32731
32749
32765
32763
32765
32765
32746
32755
32749
32763
32746
32765
32749
32765
32688
32760
32763
32765
32641
32763
32387
32755
32765
32763
32763
32659
32765
32746
32763
32763
32765
32749
32765
32728
32749
32755
32659
32765
32765
32763
32691
32765
32763
32485
32765
32765
32727
32755
32763
32663
32727
32709
32763
32765
32749
32765
32749
32755
32765
32743
32633
32641
32691
32765
32765
32765
32749
32755
32765
32765
32658
32423
32746
32047
32760
32765
32763
32765
32755
32755
32765
32765
32633
32728
32763
32765
32656
32763
32765
32755
32746
32749
32763
32760
32749
32633
32763
32633
32129
32687
32749
32765
32749
32763
32763
32746
32662
32765
32687
32765
32663
32765
32755
32405
32641
32765
32765
32659
32749
32743
32765
32728
32765
32765
32763
32746
32755
32755
32687
32755
32763
32763
32743
32641
32763
32663
32749
32763
32763
32765
32765
32749
32429
32763
32377
32765
32749
32765
32763
32727
32743
32765
32763
32763
32763
32765
32728
32765
32749
32765
32755
32765
32763
32755
32727
32765
32727
32765
32663
32765
32765
32765
32633
32763
32765
32755
32749
32765
32405
32760
32723
32482
32763
32663
32728
32728
32763
32727
32765
32709
32765
32765
32765
32763
32765
32746
32765
32755
32765
32746
32765
32765
32763
32763
32663
32765
32765
32763
32765
32429
32763
32765
32763
32662
32755
32727
32746
32765
32765
32765
32763
32765
32763
32691
32755
32765
32765
32755
32765
32765
32687
32749
32765
32765
32765
32763
32129
32663
32763
32763
32749
32641
32728
32749
32736
32755
32763
32763
32749
32749
32765
32763
32763
32765
32755
32746
32523
32755
32765
32749
32765
32755
32765
32437
32709
32749
32749
32749
32765
32736
32641
32709
32325
32749
32765
32171
31511
32633
32765
32633
32746
32763
32749
32755
32763
32755
32765
32765
32765
32663
32765
32728
32749
32765
32746
32765
32765
32633
32763
32765
32763
32728
32763
32765
32765
32765
32765
32763
32765
32387
32765
32765
32743
32746
32765
32765
32746
32765
32599
32765
32765
32743
32765
32763
32746
32765
32749
32687
32755
32755
32763
32683
32763
32763
32763
32743
32765
32687
32765
32765
32763
32659
32763
32728
32709
32765
32749
32749
32641
32765
32728
32765
32765
32765
32746
32765
32765
32749
32633
32765
32633
32746
32765
32429
32765
32755
32749
32763
32743
32765
32749
32765
32746
32765
32765
32728
32687
32765
32763
32765
32765
32063
32763
32749
32765
32749
32765
32763
32763
32755
32743
32749
32763
32746
32633
32765
32760
32765
32765
32749
32765
32765
32763
32765
32763
32749
32765
32765
32765
32765
32763
32749
32760
32728
32763
32763
32765
32749
26941
32765
32765
32765
32663
32633
32746
32765
32765
32731
32765
32755
32765
32765
32662
32682
32765
32749
32727
32121
32743
32765
32323
32743
32765
32641
32763
32728
32765
32687
32765
32749
14785
32763
32765
32765
32746
32765
32633
32763
32763
32755
32687
32763
32763
32765
32763
32765
32687
32763
32765
32765
32765
32765
32633
32763
32763
32763
32184
32765
32749
32765
32765
32749
32763
32765
32727
32736
32765
32763
32765
32765
32641
32765
32765
32765
32727
32633
32765
32755
32727
32763
32765
32749
32746
32763
32641
32755
32765
32763
32755
32765
32765
32763
32728
32765
32765
32763
32755
32763
32763
32765
32746
32763
32765
32763
32743
32633
32765
32763
32628
32765
32765
32709
32765
32763
32765
32664
32765
32763
32723
32687
32719
32727
32746
32663
32473
32746
32765
32633
32765
32723
32765
32687
32763
32765
32659
32765
32728
32765
32765
32765
32387
32755
32633
32765
32749
32663
32659
32763
32687
32765
32727
32663
32746
32743
32743
32474
32437
32687
32743
32743
32687
32755
32755
32763
32691
32749
32765
32765
32743
32763
32746
32731
32736
32765
32749
32549
32746
32765
32749
32749
32763
31235
32731
32765
32755
32763
32765
32765
32728
32763
32641
32743
32663
32765
32749
32468
32549
32728
32549
32663
32763
32387
32727
32559
32663
32763
32746
32765
32760
32746
32749
32765
32662
32763
32633
32749
32765
32746
32755
32765
32763
32633
32765
32765
32641
32575
32765
32763
32245
32728
32765
32765
32763
32765
32763
32755
32763
32727
32749
32749
32755
32746
32633
32765
32763
32663
32763
32763
32736
32765
32765
32746
32581
32763
32659
32765
32765
32755
32765
32675
32765
32273
32763
32765
32765
32743
32765
32755
32749
32405
32763
32749
32765
32728
32749
32765
32765
32765
32763
32749
32765
32727
32755
32663
32765
32691
32765
32765
32763
32765
32728
32765
32760
32687
32765
32765
32765
32765
32765
32765
32659
32687
32765
32765
32749
32765
32763
32633
32763
32765
32473
32727
32746
32765
32755
32736
32749
32763
32763
32474
32765
32749
32755
32743
32755
32746
32755
32749
32663
32765
32763
32765
32765
32749
32746
32765
32760
32765
32749
32765
32749
32687
32663
32663
32063
32687
32765
32691
32727
32749
32728
32765
32755
32743
32765
32765
32749
32746
32765
32749
32663
32743
32763
32765
32765
32691
32763
32765
32749
32765
32727
32765
32765
32765
32641
32760
32663
32688
32765
32746
32765
32765
32765
32763
32765
32743
32641
32691
32763
32765
32765
32746
32765
32743
32765
32743
32765
32749
32633
32763
32749
32763
32755
32723
32765
32663
32765
32765
32765
32763
32765
32765
32765
32765
32763
32763
32765
32659
32765
32245
32746
32765
32687
32765
32723
32749
32765
32765
32763
32765
32765
32765
32765
32755
32765
32688
32743
32743
32765
32743
32630
32749
32763
32765
32763
32765
32755
32731
32763
32765
32749
32765
32749
32765
32746
32746
32765
32763
29763
32437
32694
32765
32765
32763
32675
32763
32765
32763
32763
32765
32763
32765
32765
32765
32743
32401
32765
32763
32659
32728
32659
32709
32765
32765
32760
32736
32763
32633
32763
32691
32763
32749
32755
32763
32765
32765
32763
32755
32765
32765
32746
32749
32749
32765
32687
32763
32765
32763
32763
32691
32763
32387
32749
32558
32749
32765
32765
32765
32749
32765
32765
32749
32691
32755
32728
32765
32765
32763
32765
32755
32743
32755
32755
28909
32691
32755
32749
32763
32765
32727
32437
32765
32749
32763
32763
32743
32709
32763
32691
32749
32633
32755
32763
32633
32641
32765
32659
30775
32763
32763
32749
31889
32765
32755
32746
32763
32755
32743
32437
32765
32763
32765
32656
32749
32765
32765
32429
32749
32749
32575
32765
32763
32765
32749
32765
19909
32743
32599
32765
32709
32749
32765
32763
32755
32765
32765
32765
32727
32743
32687
32755
32763
32709
32709
32763
32746
32663
32765
32763
32765
32765
32765
32765
32746
32749
32746
32663
32765
32765
32664
32749
32755
32765
32437
32765
32749
32765
32763
32765
32765
32765
32763
32765
32691
32749
32749
32765
32765
32633
31235
32749
32755
32763
32629
32765
32743
32746
32765
32755
32765
32641
32691
32719
32765
32760
32763
32765
32765
32763
32765
32659
32765
32765
32765
32763
32749
32763
32765
32755
32691
32691
32765
32765
32727
32663
32765
32763
32755
32743
32763
32765
32765
32765
32765
29991
32765
32765
32575
32763
32765
32765
32755
32765
32755
32763
32755
32763
32765
32765
32727
32743
32663
32763
32749
32709
32746
32731
32765
32763
32736
32763
32765
32736
32755
32765
32765
32675
32765
32765
32765
32765
32765
32763
32765
32765
32687
32765
32691
32746
32765
32765
32763
32765
32763
32633
32749
32659
32765
32763
32287
32765
32755
32763
32728
32765
32765
32749
32728
32749
32746
32727
32765
32765
32765
32743
31383
32675
32765
32763
32765
32749
32664
32765
32763
32749
32765
32765
32765
32727
32765
32765
32728
32765
32765
32687
32765
32633
32765
32765
32763
32683
32765
32743
32765
32755
32765
32763
32765
32765
32743
32763
32659
32749
32765
32727
32763
32749
32763
32749
32746
32765
32763
32749
32765
32765
32765
32709
32763
32763
32165
32743
32641
32429
32755
32763
32765
32755
32765
32273
32746
32691
32755
32763
32437
32659
32765
32749
30823
32765
32763
32763
32763
32765
32691
32749
32728
32765
32765
32633
32765
32641
32755
32765
32743
32765
32765
32755
32763
32765
32763
32749
32749
32663
32765
32749
32709
32765
32659
32749
32763
32709
32429
32765
32755
32765
32633
32765
32765
32765
32765
32765
32763
32765
32765
32765
32763
32763
32765
32765
32763
32765
32765
32765
32763
32599
32765
32763
32628
32641
32749
32659
32763
32743
32765
32765
32763
32765
32763
32743
32765
32763
32702
32633
32579
32749
32765
32765
32659
32749
32765
32663
32765
32765
32755
32763
32765
32765
32765
32765
32728
32765
32743
32765
32746
32663
32763
32755
32763
32765
32763
32736
32763
32765
32763
32765
32765
32755
32121
32749
32749
32765
32765
32746
32765
31107
32763
32765
32765
32749
32273
32765
32763
32728
32765
32437
32765
32749
32763
32749
32765
32765
32763
32765
32687
32709
32763
32687
32763
32765
32765
32763
32663
32763
32763
32765
32763
32387
32763
32760
32749
32755
32687
32755
32663
32765
32633
32765
32763
32659
32763
32749
32765
32641
32765
32663
32633
32663
32749
32763
32755
32765
32763
32749
32728
32765
32763
32749
32763
32755
32765
32723
32760
32662
32763
32728
32763
32696
32765
32765
32765
32663
32529
32765
32763
32765
32279
32763
32765
32765
32755
32763
32765
32527
32763
32765
32765
32765
32727
32755
32765
32755
32765
32763
32746
32765
32743
32765
32765
32765
32687
32325
32765
32755
32765
32765
32727
32763
32728
32728
32749
32763
32765
32763
32755
32765
32765
32746
32743
32765
32743
32691
32765
32765
32763
32727
32749
32765
32765
32763
32749
32765
32651
32765
32633
32765
32746
32763
32763
32765
32641
32749
32763
32755
32755
32765
32755
32765
32763
32763
32765
32763
32755
32749
32765
32765
32731
32765
32765
32765
32663
32763
32694
32765
32749
32743
32746
32765
32765
32755
32765
32641
32763
32386
32765
32749
32663
32763
32765
32765
32765
32743
32765
32731
32765
32763
32765
32763
32765
32728
32765
32749
32765
32728
32765
32763
32765
32749
32749
32765
32763
32765
32763
32727
32728
32755
32765
32746
32763
32763
32765
32621
32763
32765
32765
32765
32765
32683
32765
32765
32765
32663
32765
32763
32755
32765
32763
32763
32687
32765
32763
32749
32765
32763
32749
32743
32763
32765
32765
32765
32755
32633
32765
32765
32763
32755
32387
32691
32765
32765
32765
32691
32765
32763
32765
32749
32763
32664
32765
32688
32641
32765
32727
32763
32765
32763
32749
32765
32763
32323
32765
32755
32765
32746
32765
32755
32675
32687
32765
32765
32763
32749
32765
32749
32765
32731
32763
32765
32765
32765
32765
32763
32641
32763
32728
32765
32763
32765
32746
32763
32749
32763
32691
32765
32663
32663
32765
32749
16093
32663
32765
32749
32765
32765
32743
32765
32763
32746
32755
32763
32765
32755
32728
32765
32728
32765
32765
32765
32755
32749
32727
32765
32662
32763
32755
32765
32765
32765
32765
32755
32662
32763
32765
32728
32728
32763
32746
32765
32687
32755
32687
32765
32687
32765
32763
32641
32763
32755
32763
32765
32765
32763
32765
32641
31845
32763
32027
32765
32763
32765
32755
32763
32527
32746
32743
32727
32763
32437
32763
32755
32377
32765
32709
32755
32731
32765
32743
32765
32663
32245
32728
32749
32765
32749
32763
32763
32755
32728
32765
32760
32659
32763
32749
32727
32765
32765
32765
32736
32727
32765
32765
32727
32628
32633
32765
32755
32691
32765
32659
32746
32727
32727
32749
32763
32763
32765
32765
32765
32765
32763
32765
32763
32765
32765
32765
17465
32749
32749
32763
32763
32765
32687
32132
32763
32749
32765
32429
32755
32765
32691
32763
32765
32765
32763
32765
32763
32459
32749
32765
32763
32765
32728
32763
32763
32765
32765
32743
32765
32765
32765
32765
32760
32633
32765
32765
32765
32765
32765
32765
32760
32119
32755
32765
32728
32659
32287
32760
32749
32765
32765
32755
31489
32765
32763
32765
32743
32765
32749
32765
32749
32641
32763
32765
32755
32765
32749
32727
32765
32691
32749
32749
32633
32765
32765
32763
32765
32755
32765
32765
32765
32763
32723
32763
32763
32123
32765
32765
32736
32763
32728
32575
32763
32765
32727
32663
32755
32763
32765
32749
32765
32765
32765
32736
32765
32749
32765
32765
32743
32765
32664
32765
32749
32763
32763
32765
32727
32763
32765
32765
32755
32765
32765
32743
32749
32765
32763
32765
32763
32765
32765
32765
32763
32731
32468
32743
32628
32763
32755
32728
32765
32763
32765
32765
32633
32576
32765
32755
32662
32755
32664
32755
32749
32765
32749
32763
32755
32743
32765
32728
32731
32763
32765
32728
32765
32763
32765
32728
32749
32765
32755
32749
32755
32743
32763
32765
32755
32736
32763
32728
32633
32763
32765
32755
32728
32691
32765
32675
32662
32728
32760
32659
32765
32765
32765
32765
32743
32746
32763
32749
32763
32663
32731
32749
32765
32746
32728
32765
32755
32765
32749
32663
32749
28909
32765
32755
32765
32755
32743
32763
32765
32743
32763
32763
32765
32765
32765
32765
32687
32709
32599
32765
32765
32765
32763
32763
32749
32755
32743
32765
32731
32765
32765
32763
32731
32765
32387
32765
32763
30943
32765
32765
32763
32765
32763
32765
32765
32765
32765
32765
32763
32765
32755
32663
32765
32763
32696
32659
32763
32755
32728
32765
32765
32765
32662
32728
32765
32763
32641
32765
32763
32765
32437
32765
32763
32628
32765
32746
32765
32702
32765
32659
32728
32763
32765
32749
32765
32749
32663
32765
32765
32763
32749
32765
32633
32763
32765
32765
32763
32765
32749
32660
32663
32749
32765
32755
32765
32765
32765
32763
32663
32743
32743
32437
32765
32755
32749
32636
32765
32746
32763
32765
32728
32765
32760
32763
32765
32765
24742
32763
32663
32728
32763
32728
32763
32765
32765
32765
32749
32765
32765
32765
32691
32755
32755
32765
32765
32763
32765
32746
32765
32749
32763
32763
32633
32765
32765
32765
32641
32763
32728
32765
32743
32387
32763
32763
32763
32651
32663
32765
32765
32765
32633
32763
32763
32760
32763
32765
32763
32765
32765
32171
32765
32746
32633
32755
32763
32698
32765
32728
32727
32765
32749
32763
32662
32728
32765
32641
32763
32691
32765
32765
32746
32765
32765
32749
32743
32755
32765
32641
32765
32763
32709
32749
32575
32755
32641
32760
32765
32743
32755
32663
32749
32763
32749
32749
32723
32765
32765
32763
32749
32763
32749
32755
32755
32743
32763
32755
32728
32132
32763
32765
32641
32763
32763
32765
32763
32765
32675
32743
32401
32765
32763
32702
32763
32662
32743
32746
32746
32765
32765
32765
32749
32763
32765
32763
32765
32765
32765
32765
32743
32709
32633
32437
32727
32664
32765
32765
32473
32437
32763
32763
32765
32743
32765
32765
32755
32765
32765
32763
32765
32765
32765
32749
32687
32763
32765
32765
32765
32765
32765
32755
32760
32765
32765
32765
32660
32749
32765
32633
32765
32765
32662
32765
32755
32765
32437
32728
32765
32763
32765
32765
32763
32765
32743
32763
32743
32765
32765
32765
32765
32763
32755
32755
32765
32765
32765
32765
32763
32765
32743
32743
32765
32765
32749
32765
32736
32709
32749
32765
32727
32765
32765
32709
32755
32765
32746
32728
32765
32691
32662
32749
32765
32662
32709
32755
32746
31919
30092
32660
32727
32765
32691
32749
32763
32765
32763
32763
32765
32765
28589
32727
32728
32633
32765
32765
32765
32746
32765
32765
32731
32691
32749
32755
32749
32763
32763
32763
32749
32749
32763
32765
32171
32765
32765
32728
32746
32663
32728
32763
32763
32765
32765
32763
32755
32765
32433
32763
32641
32687
32663
32687
32763
32763
32763
32663
32765
32765
32755
32727
32763
32763
32743
32765
32728
32763
32687
32473
32765
32749
32691
32763
32755
32749
32763
32765
32765
32760
32688
32765
32723
32727
32743
32763
32755
32765
32763
32765
32765
32763
32765
32727
32765
32727
32743
32663
32765
32749
32765
32687
32749
32755
32728
32765
32749
32763
32763
32749
32765
32765
32749
32763
32763
32763
32765
32765
32662
32755
32765
32765
32663
32743
32765
32641
32687
32746
32760
32749
32749
32765
32728
32763
32765
32765
32691
32749
32765
32641
32727
32755
32765
32641
32765
32633
32765
32763
32749
32763
32763
32749
32564
32765
32691
32252
32763
22333
32765
32765
32763
32765
32749
32633
32749
32755
32691
32663
32765
32659
32763
32749
32437
32691
32765
32749
32765
32765
32765
32743
32749
32765
32727
32763
32728
32765
32765
32765
32749
32765
32765
32763
32709
32728
32765
32749
32763
32746
32765
32728
32765
32765
32633
32765
32763
32763
27357
32763
32749
32636
32765
32765
32763
32765
32728
32746
32728
32765
32663
32763
32763
32765
32728
32749
32763
32728
32765
32763
32171
32348
32633
32760
32765
32763
32763
32749
32765
32749
32028
32760
32731
32633
32743
32765
32749
32765
32763
32755
32765
32749
32763
32765
32765
32765
32525
32691
32749
32765
32763
32765
32702
32659
32765
32746
32474
32763
32755
32641
32663
32687
32663
32749
32027
32723
32763
32765
32755
32763
32765
32763
32763
32765
32765
32749
32763
32198
32765
32763
32663
32765
32765
32763
32765
32663
32765
32765
32755
32765
32687
32763
32765
32765
32763
32765
32765
32743
32675
32763
32663
32765
32746
32419
32633
32694
32765
32731
32765
32765
32728
32765
32675
32763
32765
32765
32633
32755
32575
32728
32765
32765
32765
32755
32171
32765
32765
32728
32728
32765
32765
32765
32575
32687
32728
32763
32749
32765
32765
32765
32763
32691
32763
32765
32763
32763
32755
32765
32749
32763
32749
32763
32760
32325
32755
31717
32765
32765
32763
32379
32727
32755
32749
32749
32728
32763
32419
32763
32727
32473
32746
32755
32763
32743
32763
32765
32728
32599
32765
32763
32675
32755
32728
32765
32765
32765
32743
32765
32709
32563
32662
32765
32765
32765
32765
32763
32763
32746
32743
32765
32763
32749
32765
32755
32749
32765
32765
32743
32755
32765
32633
32749
32755
32664
32749
32691
32727
32765
32743
32763
32763
32765
32749
32765
32763
32765
32727
32765
32709
32687
32749
32743
32687
32387
32763
32746
32387
32763
32765
32765
32763
32641
32765
32755
32765
32763
32727
32765
32765
32743
32630
32633
32765
32119
32765
32765
32746
32765
32755
32746
32746
32765
32755
32765
32763
32763
32641
32765
32755
32765
32765
32765
32765
32749
32763
32687
32743
32709
32691
32765
32765
32765
32755
32765
32763
32694
32727
32765
32581
32765
32763
32765
32765
32755
32765
32765
32765
32765
32755
32633
32688
32763
32746
32709
32765
32709
32755
32387
32683
32749
32727
32765
32763
32755
32763
32731
32728
32765
32664
32688
32765
32763
32763
32765
32755
32749
32763
32763
32765
32727
32765
32763
32763
32765
32765
32765
32765
32763
32727
32736
32765
32765
32746
32765
32760
32755
32727
32763
32765
32658
32765
32765
32765
32563
32763
32763
32727
32749
32387
32763
32755
32765
32763
32662
32727
32765
32763
32171
32709
32633
32765
32728
32687
32765
32749
32749
32765
32027
27415
32746
32749
32765
32749
32755
32749
32727
32743
32765
32675
32763
32765
32765
32765
32743
32765
32746
32749
32727
32763
32765
32387
32763
32765
32765
32765
32765
32765
32755
32765
32709
32765
32746
32727
32763
32755
32663
32691
32763
32755
32687
32755
32723
32743
32755
32743
32763
32128
32245
32763
32691
32765
32755
32765
32663
32765
32633
32727
32763
32749
32763
32763
32763
32691
32755
32749
32743
32675
32727
32765
32749
32765
32529
32765
32763
32749
32765
32387
32746
32765
32311
32727
32763
32765
32765
32763
32755
32763
32763
32765
32765
32746
32687
32746
32763
32273
32663
32749
32760
32765
32743
32749
32755
32691
32633
32749
32763
32641
32749
32755
32765
32728
32727
32749
32765
32765
32749
32743
32765
32743
32763
32675
32765
32728
32755
32765
32763
32731
32633
32728
32763
32291
32765
32749
32659
32763
32763
32765
32763
32765
32763
32279
32386
32765
32765
32390
32387
32728
32763
32749
32633
32749
32728
32641
32171
32765
32728
32765
32727
32675
32743
32765
32765
32656
32662
32765
32763
32763
32765
32763
32709
32675
32641
32765
32763
32765
32755
32765
32633
32746
32641
32765
32765
32763
32765
32468
32765
32765
32763
32749
32017
32743
32709
32755
32755
32765
32702
31883
32765
32743
32763
32663
32765
32749
32755
32755
32765
32765
32763
32763
32763
32765
32755
32636
32765
32763
32663
32765
32763
32755
32763
32765
32765
32763
32763
32765
32765
32755
32765
32459
32743
32765
32765
32765
32765
32763
32749
32765
32765
32765
32765
32765
32663
32765
32765
32728
32688
32765
32691
32746
32763
32765
32765
32743
32763
32763
32765
32763
32765
32765
32765
32746
32749
32763
32663
32765
32763
32765
32765
32709
32765
32746
32743
32723
32763
32132
32765
32763
32755
32749
32765
32765
32763
32765
32765
32755
32763
32765
32765
32765
32485
32765
32763
32765
32765
32728
32765
32760
32765
32743
32763
32709
32641
32765
32749
32765
32746
32755
32763
32765
32765
32760
32763
32563
32765
32765
32749
32763
32765
32763
32763
32765
32728
32683
32749
32702
32749
32749
32743
32709
32743
32749
32749
32755
32763
32763
32763
32743
32765
32765
32749
32728
32765
32765
32765
32765
32641
32765
32763
32749
32575
32763
32765
32746
32691
32691
32749
32763
32765
32765
32743
32641
31543
32633
32702
32760
32763
32763
32765
32727
32765
32763
32755
32749
32763
32641
32386
32763
32641
32641
32641
32765
32765
32746
32765
32755
32765
32763
32245
32763
32746
32765
32728
32641
32763
32765
32749
32749
32641
32765
32749
32687
32765
32765
32763
32763
32474
32765
32171
32743
32765
32723
32765
32755
32765
32765
32633
32765
32687
32765
32763
32429
32763
32765
32755
32749
32763
32755
32755
32763
32765
32765
32749
32763
32760
32765
32746
32749
32763
